# JRE version: OpenJDK Runtime Environment (26.0+35) (build 26+35-2893)
# Java VM: OpenJDK 64-Bit Server VM (26+35-2893, mixed mode, emulated-client, sharing, tiered, compressed oops, compressed class ptrs, g1 gc, windows-amd64)
GC Precious Log:
 CardTable entry size: 512
 Card Set container configuration: InlinePtr #cards 4 size 8 Array Of Cards #cards 16 size 48 Howl #buckets 8 coarsen threshold 3686 Howl Bitmap #cards 512 size 80 coarsen threshold 460 Card regions per heap region 1 cards per card region 4096
 CPUs: 12 total, 12 available
 Memory: 16068M
 Large Page Support: Disabled
 NUMA Support: Disabled
 Compressed Oops: Enabled (Zero based)
 Heap Region Size: 2M
 Heap Min Capacity: 8M
 Heap Initial Capacity: 8M
 Heap Max Capacity: 4018M
 Pre-touch: Disabled
 Parallel Workers: 10
 Concurrent Workers: 3
 Concurrent Refinement Workers: 10
 Periodic GC: Disabled
Heap:
 garbage-first heap   total reserved 4114432K, committed 28672K, used 17418K [0x0000000704e00000, 0x0000000800000000)
  region size 2M, 0 eden (0M), 1 survivor (2M), 8 old (16M), 0 humongous (0M), 5 free (10M)
GC Heap Usage History (20 events):
Event: 3.809 {heap After GC invocations=8 (full 0):
 garbage-first heap   total reserved 4114432K, committed 28672K, used 7558K [0x0000000704e00000, 0x0000000800000000)
  region size 2M, 0 eden (0M), 1 survivor (2M), 4 old (8M), 0 humongous (0M), 9 free (18M)
}
Event: 4.250 {heap Before GC invocations=8 (full 0):
 garbage-first heap   total reserved 4114432K, committed 28672K, used 21894K [0x0000000704e00000, 0x0000000800000000)
  region size 2M, 7 eden (14M), 1 survivor (2M), 4 old (8M), 0 humongous (0M), 2 free (4M)
}
Event: 4.256 {heap After GC invocations=9 (full 0):
 garbage-first heap   total reserved 4114432K, committed 28672K, used 8721K [0x0000000704e00000, 0x0000000800000000)
  region size 2M, 0 eden (0M), 1 survivor (2M), 4 old (8M), 0 humongous (0M), 9 free (18M)
}
Event: 4.607 {heap Before GC invocations=9 (full 0):
 garbage-first heap   total reserved 4114432K, committed 28672K, used 21009K [0x0000000704e00000, 0x0000000800000000)
  region size 2M, 7 eden (14M), 1 survivor (2M), 4 old (8M), 0 humongous (0M), 2 free (4M)
}
Event: 4.612 {heap After GC invocations=10 (full 0):
 garbage-first heap   total reserved 4114432K, committed 28672K, used 9541K [0x0000000704e00000, 0x0000000800000000)
  region size 2M, 0 eden (0M), 1 survivor (2M), 5 old (10M), 0 humongous (0M), 8 free (16M)
}
Event: 5.181 {heap Before GC invocations=10 (full 0):
 garbage-first heap   total reserved 4114432K, committed 28672K, used 19781K [0x0000000704e00000, 0x0000000800000000)
  region size 2M, 6 eden (12M), 1 survivor (2M), 5 old (10M), 0 humongous (0M), 2 free (4M)
}
Event: 5.185 {heap After GC invocations=11 (full 0):
 garbage-first heap   total reserved 4114432K, committed 28672K, used 11417K [0x0000000704e00000, 0x0000000800000000)
  region size 2M, 0 eden (0M), 1 survivor (2M), 5 old (10M), 0 humongous (0M), 8 free (16M)
}
Event: 5.517 {heap Before GC invocations=11 (full 0):
 garbage-first heap   total reserved 4114432K, committed 28672K, used 19609K [0x0000000704e00000, 0x0000000800000000)
  region size 2M, 5 eden (10M), 1 survivor (2M), 5 old (10M), 0 humongous (0M), 3 free (6M)
}
Event: 5.526 {heap After GC invocations=12 (full 0):
 garbage-first heap   total reserved 4114432K, committed 28672K, used 12475K [0x0000000704e00000, 0x0000000800000000)
  region size 2M, 0 eden (0M), 1 survivor (2M), 6 old (12M), 0 humongous (0M), 7 free (14M)
}
Event: 6.119 {heap Before GC invocations=13 (full 0):
 garbage-first heap   total reserved 4114432K, committed 28672K, used 22715K [0x0000000704e00000, 0x0000000800000000)
  region size 2M, 5 eden (10M), 1 survivor (2M), 6 old (12M), 0 humongous (0M), 2 free (4M)
}
Event: 6.125 {heap After GC invocations=14 (full 0):
 garbage-first heap   total reserved 4114432K, committed 28672K, used 13658K [0x0000000704e00000, 0x0000000800000000)
  region size 2M, 0 eden (0M), 1 survivor (2M), 7 old (14M), 0 humongous (0M), 6 free (12M)
}
Event: 6.239 {heap Before GC invocations=14 (full 0):
 garbage-first heap   total reserved 4114432K, committed 28672K, used 21850K [0x0000000704e00000, 0x0000000800000000)
  region size 2M, 4 eden (8M), 1 survivor (2M), 7 old (14M), 0 humongous (0M), 2 free (4M)
}
Event: 6.248 {heap After GC invocations=15 (full 0):
 garbage-first heap   total reserved 4114432K, committed 28672K, used 14186K [0x0000000704e00000, 0x0000000800000000)
  region size 2M, 0 eden (0M), 1 survivor (2M), 7 old (14M), 0 humongous (0M), 6 free (12M)
}
Event: 6.461 {heap Before GC invocations=15 (full 0):
 garbage-first heap   total reserved 4114432K, committed 28672K, used 22378K [0x0000000704e00000, 0x0000000800000000)
  region size 2M, 4 eden (8M), 1 survivor (2M), 7 old (14M), 0 humongous (0M), 2 free (4M)
}
Event: 6.465 {heap After GC invocations=16 (full 0):
 garbage-first heap   total reserved 4114432K, committed 28672K, used 14900K [0x0000000704e00000, 0x0000000800000000)
  region size 2M, 0 eden (0M), 1 survivor (2M), 7 old (14M), 0 humongous (0M), 6 free (12M)
}
Event: 6.734 {heap Before GC invocations=17 (full 0):
 garbage-first heap   total reserved 4114432K, committed 28672K, used 23092K [0x0000000704e00000, 0x0000000800000000)
  region size 2M, 4 eden (8M), 1 survivor (2M), 7 old (14M), 0 humongous (0M), 2 free (4M)
}
Event: 6.737 {heap After GC invocations=18 (full 0):
 garbage-first heap   total reserved 4114432K, committed 28672K, used 16225K [0x0000000704e00000, 0x0000000800000000)
  region size 2M, 0 eden (0M), 1 survivor (2M), 8 old (16M), 0 humongous (0M), 5 free (10M)
}
Event: 6.832 {heap Before GC invocations=18 (full 0):
 garbage-first heap   total reserved 4114432K, committed 28672K, used 22369K [0x0000000704e00000, 0x0000000800000000)
  region size 2M, 3 eden (6M), 1 survivor (2M), 8 old (16M), 0 humongous (0M), 2 free (4M)
}
Event: 6.839 {heap After GC invocations=19 (full 0):
 garbage-first heap   total reserved 4114432K, committed 28672K, used 16888K [0x0000000704e00000, 0x0000000800000000)
  region size 2M, 0 eden (0M), 1 survivor (2M), 8 old (16M), 0 humongous (0M), 5 free (10M)
}
Event: 6.985 {heap Before GC invocations=19 (full 0):
 garbage-first heap   total reserved 4114432K, committed 28672K, used 23032K [0x0000000704e00000, 0x0000000800000000)
  region size 2M, 3 eden (6M), 1 survivor (2M), 8 old (16M), 0 humongous (0M), 2 free (4M)
}

